<?xml version="1.0" encoding="UTF-8"?>
<!-- Generated by org.testng.reporters.JUnitReportReporter -->
<testsuite hostname="Manishs-MBP.fios-router.home" failures="0" tests="1" name="com.automationpractice.testcases.SignInTest" time="3.153" errors="0" timestamp="2020-06-07T13:37:37 EDT" skipped="0">
  <testcase classname="com.automationpractice.testcases.SignInTest" name="registeredcredentials" time="3.153"/>
  <system-out/>
</testsuite> <!-- com.automationpractice.testcases.SignInTest -->
