<?xml version="1.0" encoding="UTF-8"?>
<!-- Generated by org.testng.reporters.JUnitReportReporter -->
<testsuite hostname="Manishs-MBP.fios-router.home" failures="0" tests="1" name="com.automationpractice.testcases.SingInTest" time="3.778" errors="0" timestamp="2020-06-03T16:56:17 EDT" skipped="0">
  <testcase classname="com.automationpractice.testcases.SingInTest" name="registeredcredentials" time="3.778"/>
  <system-out/>
</testsuite> <!-- com.automationpractice.testcases.SingInTest -->
