<?xml version="1.0" encoding="UTF-8"?>
<!-- Generated by org.testng.reporters.JUnitReportReporter -->
<testsuite hostname="Manishs-MBP.fios-router.home" failures="0" tests="3" name="com.automationpractice.testcases.SignInExcelsheet" time="42.397" errors="0" timestamp="2020-06-06T22:33:32 EDT" skipped="1">
  <testcase classname="com.automationpractice.testcases.SignInExcelsheet" name="logindata" time="21.068"/>
  <system-out/>
  <testcase classname="com.automationpractice.testcases.SignInExcelsheet" name="logindata" time="21.329"/>
  <system-out/>
  <testcase classname="com.automationpractice.testcases.SignInExcelsheet" name="isLoginsuccessful">
    <skipped/>
  </testcase> <!-- isLoginsuccessful -->
  <system-out/>
</testsuite> <!-- com.automationpractice.testcases.SignInExcelsheet -->
