<?xml version="1.0" encoding="UTF-8"?>
<!-- Generated by org.testng.reporters.JUnitReportReporter -->
<testsuite hostname="Manishs-MBP.fios-router.home" failures="0" tests="1" name="com.automationpractice.base.TestBase" time="12.053" errors="0" timestamp="1 Jun 2020 01:44:25 GMT">
  <testcase classname="com.automationpractice.base.TestBase" name="readconfig" time="12.053"/>
</testsuite> <!-- com.automationpractice.base.TestBase -->
